2025-07-09 11:30:17,027 [ERROR] LogOutputStream:75 - [STDERR_REDIRECT] [Fatal Error] :1:1: Premature end of file.
2025-07-09 11:30:17,027 [ERROR] LogOutputStream:75 - [STDERR_REDIRECT] 
2025-07-09 11:30:16,968 [INFO] UtilMem:75 - End SaveConfig() Used Memory: 337965360 Bytes (772800512)
2025-07-09 11:30:17,078 [ERROR] LogOutputStream:75 - [STDERR_REDIRECT] [Fatal Error] :1:1: Premature end of file.
2025-07-09 11:30:17,079 [ERROR] LogOutputStream:75 - [STDERR_REDIRECT] 
2025-07-09 11:30:17,134 [ERROR] LogOutputStream:75 - [STDERR_REDIRECT] [Fatal Error] :1:1: Premature end of file.
2025-07-09 11:30:17,135 [ERROR] LogOutputStream:75 - [STDERR_REDIRECT] 
2025-07-09 11:30:17,213 [ERROR] LogOutputStream:75 - [STDERR_REDIRECT] [Fatal Error] :1:1: Premature end of file.
2025-07-09 11:30:17,213 [ERROR] LogOutputStream:75 - [STDERR_REDIRECT] 
2025-07-09 11:30:17,276 [ERROR] LogOutputStream:75 - [STDERR_REDIRECT] [Fatal Error] :1:1: Premature end of file.
2025-07-09 11:30:17,276 [ERROR] LogOutputStream:75 - [STDERR_REDIRECT] 
2025-07-09 11:30:17,331 [ERROR] LogOutputStream:75 - [STDERR_REDIRECT] [Fatal Error] :1:1: Premature end of file.
2025-07-09 11:30:17,331 [ERROR] LogOutputStream:75 - [STDERR_REDIRECT] 
2025-07-09 11:30:17,394 [ERROR] LogOutputStream:75 - [STDERR_REDIRECT] [Fatal Error] :1:1: Premature end of file.
2025-07-09 11:30:17,394 [ERROR] LogOutputStream:75 - [STDERR_REDIRECT] 
2025-07-09 11:30:17,460 [ERROR] LogOutputStream:75 - [STDERR_REDIRECT] [Fatal Error] :1:1: Premature end of file.
2025-07-09 11:30:17,461 [ERROR] LogOutputStream:75 - [STDERR_REDIRECT] 
2025-07-09 11:30:17,547 [ERROR] LogOutputStream:75 - [STDERR_REDIRECT] [Fatal Error] :1:1: Premature end of file.
2025-07-09 11:30:17,548 [ERROR] LogOutputStream:75 - [STDERR_REDIRECT] 
2025-07-09 11:30:17,613 [ERROR] LogOutputStream:75 - [STDERR_REDIRECT] [Fatal Error] :1:1: Premature end of file.
2025-07-09 11:30:17,614 [ERROR] LogOutputStream:75 - [STDERR_REDIRECT] 
2025-07-09 11:30:17,680 [ERROR] LogOutputStream:75 - [STDERR_REDIRECT] [Fatal Error] :1:1: Premature end of file.
2025-07-09 11:30:17,680 [ERROR] LogOutputStream:75 - [STDERR_REDIRECT] 
2025-07-09 11:30:17,754 [ERROR] LogOutputStream:75 - [STDERR_REDIRECT] [Fatal Error] :1:1: Premature end of file.
2025-07-09 11:30:17,755 [ERROR] LogOutputStream:75 - [STDERR_REDIRECT] 
2025-07-09 11:30:17,842 [ERROR] LogOutputStream:75 - [STDERR_REDIRECT] [Fatal Error] :1:1: Premature end of file.
2025-07-09 11:30:17,842 [ERROR] LogOutputStream:75 - [STDERR_REDIRECT] 
2025-07-09 11:30:17,946 [ERROR] LogOutputStream:75 - [STDERR_REDIRECT] [Fatal Error] :1:1: Premature end of file.
2025-07-09 11:30:17,946 [ERROR] LogOutputStream:75 - [STDERR_REDIRECT] 
2025-07-09 11:30:18,012 [ERROR] LogOutputStream:75 - [STDERR_REDIRECT] [Fatal Error] :1:1: Premature end of file.
2025-07-09 11:30:18,012 [ERROR] LogOutputStream:75 - [STDERR_REDIRECT] 
2025-07-09 11:30:18,065 [ERROR] LogOutputStream:75 - [STDERR_REDIRECT] [Fatal Error] :1:1: Premature end of file.
2025-07-09 11:30:18,066 [ERROR] LogOutputStream:75 - [STDERR_REDIRECT] 
2025-07-09 11:30:18,138 [ERROR] LogOutputStream:75 - [STDERR_REDIRECT] [Fatal Error] :1:1: Premature end of file.
2025-07-09 11:30:18,138 [ERROR] LogOutputStream:75 - [STDERR_REDIRECT] 
2025-07-09 11:30:18,207 [ERROR] LogOutputStream:75 - [STDERR_REDIRECT] [Fatal Error] :1:1: Premature end of file.
2025-07-09 11:30:18,207 [ERROR] LogOutputStream:75 - [STDERR_REDIRECT] 
2025-07-09 11:30:18,264 [ERROR] LogOutputStream:75 - [STDERR_REDIRECT] [Fatal Error] :1:1: Premature end of file.
2025-07-09 11:30:18,265 [ERROR] LogOutputStream:75 - [STDERR_REDIRECT] 
2025-07-09 11:30:18,332 [ERROR] LogOutputStream:75 - [STDERR_REDIRECT] [Fatal Error] :1:1: Premature end of file.
2025-07-09 11:30:18,332 [ERROR] LogOutputStream:75 - [STDERR_REDIRECT] 
2025-07-09 11:30:18,412 [ERROR] LogOutputStream:75 - [STDERR_REDIRECT] [Fatal Error] :1:1: Premature end of file.
2025-07-09 11:30:18,413 [ERROR] LogOutputStream:75 - [STDERR_REDIRECT] 
2025-07-09 11:30:18,504 [ERROR] LogOutputStream:75 - [STDERR_REDIRECT] [Fatal Error] :1:1: Premature end of file.
2025-07-09 11:30:18,504 [ERROR] LogOutputStream:75 - [STDERR_REDIRECT] 
2025-07-09 11:30:18,583 [ERROR] LogOutputStream:75 - [STDERR_REDIRECT] [Fatal Error] :1:1: Premature end of file.
2025-07-09 11:30:18,583 [ERROR] LogOutputStream:75 - [STDERR_REDIRECT] 
2025-07-09 11:30:18,674 [ERROR] LogOutputStream:75 - [STDERR_REDIRECT] [Fatal Error] :1:1: Premature end of file.
2025-07-09 11:30:18,674 [ERROR] LogOutputStream:75 - [STDERR_REDIRECT] 
2025-07-09 11:30:18,763 [ERROR] LogOutputStream:75 - [STDERR_REDIRECT] [Fatal Error] :1:1: Premature end of file.
2025-07-09 11:30:18,763 [ERROR] LogOutputStream:75 - [STDERR_REDIRECT] 
2025-07-09 11:30:18,845 [ERROR] LogOutputStream:75 - [STDERR_REDIRECT] [Fatal Error] :1:1: Premature end of file.
2025-07-09 11:30:18,846 [ERROR] LogOutputStream:75 - [STDERR_REDIRECT] 
2025-07-09 11:30:18,919 [ERROR] LogOutputStream:75 - [STDERR_REDIRECT] [Fatal Error] :1:1: Premature end of file.
2025-07-09 11:30:18,919 [ERROR] LogOutputStream:75 - [STDERR_REDIRECT] 
2025-07-09 11:30:18,978 [ERROR] LogOutputStream:75 - [STDERR_REDIRECT] [Fatal Error] :1:1: Premature end of file.
2025-07-09 11:30:18,979 [ERROR] LogOutputStream:75 - [STDERR_REDIRECT] 
2025-07-09 11:30:19,044 [ERROR] LogOutputStream:75 - [STDERR_REDIRECT] [Fatal Error] :1:1: Premature end of file.
2025-07-09 11:30:19,044 [ERROR] LogOutputStream:75 - [STDERR_REDIRECT] 
2025-07-09 11:30:19,114 [ERROR] LogOutputStream:75 - [STDERR_REDIRECT] [Fatal Error] :1:1: Premature end of file.
2025-07-09 11:30:19,114 [ERROR] LogOutputStream:75 - [STDERR_REDIRECT] 
2025-07-09 11:30:19,237 [ERROR] LogOutputStream:75 - [STDERR_REDIRECT] [Fatal Error] :1:1: Premature end of file.
2025-07-09 11:30:19,237 [ERROR] LogOutputStream:75 - [STDERR_REDIRECT] 
2025-07-09 11:30:19,290 [ERROR] LogOutputStream:75 - [STDERR_REDIRECT] [Fatal Error] :1:1: Premature end of file.
2025-07-09 11:30:19,290 [ERROR] LogOutputStream:75 - [STDERR_REDIRECT] 
2025-07-09 11:30:19,340 [ERROR] LogOutputStream:75 - [STDERR_REDIRECT] [Fatal Error] :1:1: Premature end of file.
2025-07-09 11:30:19,340 [ERROR] LogOutputStream:75 - [STDERR_REDIRECT] 
2025-07-09 11:30:19,386 [ERROR] LogOutputStream:75 - [STDERR_REDIRECT] [Fatal Error] :1:1: Premature end of file.
2025-07-09 11:30:19,386 [ERROR] LogOutputStream:75 - [STDERR_REDIRECT] 
2025-07-09 11:30:19,447 [ERROR] LogOutputStream:75 - [STDERR_REDIRECT] [Fatal Error] :1:1: Premature end of file.
2025-07-09 11:30:19,447 [ERROR] LogOutputStream:75 - [STDERR_REDIRECT] 
2025-07-09 11:30:19,515 [ERROR] LogOutputStream:75 - [STDERR_REDIRECT] [Fatal Error] :1:1: Premature end of file.
2025-07-09 11:30:19,515 [ERROR] LogOutputStream:75 - [STDERR_REDIRECT] 
2025-07-09 11:30:19,564 [ERROR] LogOutputStream:75 - [STDERR_REDIRECT] [Fatal Error] :1:1: Premature end of file.
2025-07-09 11:30:19,564 [ERROR] LogOutputStream:75 - [STDERR_REDIRECT] 
2025-07-09 11:30:19,612 [ERROR] LogOutputStream:75 - [STDERR_REDIRECT] [Fatal Error] :1:1: Premature end of file.
2025-07-09 11:30:19,613 [ERROR] LogOutputStream:75 - [STDERR_REDIRECT] 
2025-07-09 11:30:19,668 [ERROR] LogOutputStream:75 - [STDERR_REDIRECT] [Fatal Error] :1:1: Premature end of file.
2025-07-09 11:30:19,670 [ERROR] LogOutputStream:75 - [STDERR_REDIRECT] 
2025-07-09 11:30:19,714 [ERROR] LogOutputStream:75 - [STDERR_REDIRECT] [Fatal Error] :1:1: Premature end of file.
2025-07-09 11:30:19,714 [ERROR] LogOutputStream:75 - [STDERR_REDIRECT] 
2025-07-09 11:30:19,761 [ERROR] LogOutputStream:75 - [STDERR_REDIRECT] [Fatal Error] :1:1: Premature end of file.
2025-07-09 11:30:19,762 [ERROR] LogOutputStream:75 - [STDERR_REDIRECT] 
2025-07-09 11:30:19,807 [ERROR] LogOutputStream:75 - [STDERR_REDIRECT] [Fatal Error] :1:1: Premature end of file.
2025-07-09 11:30:19,807 [ERROR] LogOutputStream:75 - [STDERR_REDIRECT] 
2025-07-09 11:30:19,850 [ERROR] LogOutputStream:75 - [STDERR_REDIRECT] [Fatal Error] :1:1: Premature end of file.
2025-07-09 11:30:19,850 [ERROR] LogOutputStream:75 - [STDERR_REDIRECT] 
2025-07-09 11:30:19,890 [ERROR] LogOutputStream:75 - [STDERR_REDIRECT] [Fatal Error] :1:1: Premature end of file.
2025-07-09 11:30:19,890 [ERROR] LogOutputStream:75 - [STDERR_REDIRECT] 
2025-07-09 11:30:19,942 [ERROR] LogOutputStream:75 - [STDERR_REDIRECT] [Fatal Error] :1:1: Premature end of file.
2025-07-09 11:30:19,942 [ERROR] LogOutputStream:75 - [STDERR_REDIRECT] 
2025-07-09 11:30:19,981 [ERROR] LogOutputStream:75 - [STDERR_REDIRECT] [Fatal Error] :1:1: Premature end of file.
2025-07-09 11:30:19,981 [ERROR] LogOutputStream:75 - [STDERR_REDIRECT] 
2025-07-09 11:30:20,026 [ERROR] LogOutputStream:75 - [STDERR_REDIRECT] [Fatal Error] :1:1: Premature end of file.
2025-07-09 11:30:20,026 [ERROR] LogOutputStream:75 - [STDERR_REDIRECT] 
2025-07-09 11:30:20,063 [ERROR] LogOutputStream:75 - [STDERR_REDIRECT] [Fatal Error] :1:1: Premature end of file.
2025-07-09 11:30:20,063 [ERROR] LogOutputStream:75 - [STDERR_REDIRECT] 
2025-07-09 11:30:20,099 [ERROR] LogOutputStream:75 - [STDERR_REDIRECT] [Fatal Error] :1:1: Premature end of file.
2025-07-09 11:30:20,099 [ERROR] LogOutputStream:75 - [STDERR_REDIRECT] 
2025-07-09 11:30:20,150 [ERROR] LogOutputStream:75 - [STDERR_REDIRECT] [Fatal Error] :1:1: Premature end of file.
2025-07-09 11:30:20,150 [ERROR] LogOutputStream:75 - [STDERR_REDIRECT] 
2025-07-09 11:30:20,193 [ERROR] LogOutputStream:75 - [STDERR_REDIRECT] [Fatal Error] :1:1: Premature end of file.
2025-07-09 11:30:20,193 [ERROR] LogOutputStream:75 - [STDERR_REDIRECT] 
2025-07-09 11:30:20,239 [ERROR] LogOutputStream:75 - [STDERR_REDIRECT] [Fatal Error] :1:1: Premature end of file.
2025-07-09 11:30:20,239 [ERROR] LogOutputStream:75 - [STDERR_REDIRECT] 
2025-07-09 11:30:20,285 [ERROR] LogOutputStream:75 - [STDERR_REDIRECT] [Fatal Error] :1:1: Premature end of file.
2025-07-09 11:30:20,285 [ERROR] LogOutputStream:75 - [STDERR_REDIRECT] 
2025-07-09 11:30:20,333 [ERROR] LogOutputStream:75 - [STDERR_REDIRECT] [Fatal Error] :1:1: Premature end of file.
2025-07-09 11:30:20,334 [ERROR] LogOutputStream:75 - [STDERR_REDIRECT] 
2025-07-09 11:30:20,377 [ERROR] LogOutputStream:75 - [STDERR_REDIRECT] [Fatal Error] :1:1: Premature end of file.
2025-07-09 11:30:20,377 [ERROR] LogOutputStream:75 - [STDERR_REDIRECT] 
2025-07-09 11:30:20,420 [ERROR] LogOutputStream:75 - [STDERR_REDIRECT] [Fatal Error] :1:1: Premature end of file.
2025-07-09 11:30:20,420 [ERROR] LogOutputStream:75 - [STDERR_REDIRECT] 
2025-07-09 11:30:20,468 [ERROR] LogOutputStream:75 - [STDERR_REDIRECT] [Fatal Error] :1:1: Premature end of file.
2025-07-09 11:30:20,468 [ERROR] LogOutputStream:75 - [STDERR_REDIRECT] 
2025-07-09 11:30:20,514 [ERROR] LogOutputStream:75 - [STDERR_REDIRECT] [Fatal Error] :1:1: Premature end of file.
2025-07-09 11:30:20,514 [ERROR] LogOutputStream:75 - [STDERR_REDIRECT] 
2025-07-09 11:30:20,563 [ERROR] LogOutputStream:75 - [STDERR_REDIRECT] [Fatal Error] :1:1: Premature end of file.
2025-07-09 11:30:20,563 [ERROR] LogOutputStream:75 - [STDERR_REDIRECT] 
2025-07-09 11:30:20,609 [ERROR] LogOutputStream:75 - [STDERR_REDIRECT] [Fatal Error] :1:1: Premature end of file.
2025-07-09 11:30:20,609 [ERROR] LogOutputStream:75 - [STDERR_REDIRECT] 
2025-07-09 11:30:20,658 [ERROR] LogOutputStream:75 - [STDERR_REDIRECT] [Fatal Error] :1:1: Premature end of file.
2025-07-09 11:30:20,658 [ERROR] LogOutputStream:75 - [STDERR_REDIRECT] 
2025-07-09 11:30:20,703 [ERROR] LogOutputStream:75 - [STDERR_REDIRECT] [Fatal Error] :1:1: Premature end of file.
2025-07-09 11:30:20,703 [ERROR] LogOutputStream:75 - [STDERR_REDIRECT] 
2025-07-09 11:30:20,748 [ERROR] LogOutputStream:75 - [STDERR_REDIRECT] [Fatal Error] :1:1: Premature end of file.
2025-07-09 11:30:20,748 [ERROR] LogOutputStream:75 - [STDERR_REDIRECT] 
2025-07-09 11:30:20,792 [ERROR] LogOutputStream:75 - [STDERR_REDIRECT] [Fatal Error] :1:1: Premature end of file.
2025-07-09 11:30:20,792 [ERROR] LogOutputStream:75 - [STDERR_REDIRECT] 
2025-07-09 11:30:20,838 [ERROR] LogOutputStream:75 - [STDERR_REDIRECT] [Fatal Error] :1:1: Premature end of file.
2025-07-09 11:30:20,838 [ERROR] LogOutputStream:75 - [STDERR_REDIRECT] 
2025-07-09 11:30:20,885 [ERROR] LogOutputStream:75 - [STDERR_REDIRECT] [Fatal Error] :1:1: Premature end of file.
2025-07-09 11:30:20,885 [ERROR] LogOutputStream:75 - [STDERR_REDIRECT] 
2025-07-09 11:30:20,941 [ERROR] LogOutputStream:75 - [STDERR_REDIRECT] [Fatal Error] :1:1: Premature end of file.
2025-07-09 11:30:20,942 [ERROR] LogOutputStream:75 - [STDERR_REDIRECT] 
2025-07-09 11:30:21,028 [ERROR] LogOutputStream:75 - [STDERR_REDIRECT] [Fatal Error] :1:1: Premature end of file.
2025-07-09 11:30:21,028 [ERROR] LogOutputStream:75 - [STDERR_REDIRECT] 
2025-07-09 11:30:21,086 [ERROR] LogOutputStream:75 - [STDERR_REDIRECT] [Fatal Error] :1:1: Premature end of file.
2025-07-09 11:30:21,086 [ERROR] LogOutputStream:75 - [STDERR_REDIRECT] 
2025-07-09 11:30:21,152 [ERROR] LogOutputStream:75 - [STDERR_REDIRECT] [Fatal Error] :1:1: Premature end of file.
2025-07-09 11:30:21,152 [ERROR] LogOutputStream:75 - [STDERR_REDIRECT] 
2025-07-09 11:30:21,207 [ERROR] LogOutputStream:75 - [STDERR_REDIRECT] [Fatal Error] :1:1: Premature end of file.
2025-07-09 11:30:21,207 [ERROR] LogOutputStream:75 - [STDERR_REDIRECT] 
2025-07-09 11:30:21,257 [ERROR] LogOutputStream:75 - [STDERR_REDIRECT] [Fatal Error] :1:1: Premature end of file.
2025-07-09 11:30:21,257 [ERROR] LogOutputStream:75 - [STDERR_REDIRECT] 
2025-07-09 11:30:21,305 [ERROR] LogOutputStream:75 - [STDERR_REDIRECT] [Fatal Error] :1:1: Premature end of file.
2025-07-09 11:30:21,305 [ERROR] LogOutputStream:75 - [STDERR_REDIRECT] 
2025-07-09 11:30:21,364 [ERROR] LogOutputStream:75 - [STDERR_REDIRECT] [Fatal Error] :1:1: Premature end of file.
2025-07-09 11:30:21,364 [ERROR] LogOutputStream:75 - [STDERR_REDIRECT] 
2025-07-09 11:30:21,415 [ERROR] LogOutputStream:75 - [STDERR_REDIRECT] [Fatal Error] :1:1: Premature end of file.
2025-07-09 11:30:21,416 [ERROR] LogOutputStream:75 - [STDERR_REDIRECT] 
2025-07-09 11:30:21,466 [ERROR] LogOutputStream:75 - [STDERR_REDIRECT] [Fatal Error] :1:1: Premature end of file.
2025-07-09 11:30:21,466 [ERROR] LogOutputStream:75 - [STDERR_REDIRECT] 
2025-07-09 11:30:21,515 [ERROR] LogOutputStream:75 - [STDERR_REDIRECT] [Fatal Error] :1:1: Premature end of file.
2025-07-09 11:30:21,515 [ERROR] LogOutputStream:75 - [STDERR_REDIRECT] 
2025-07-09 11:30:21,562 [ERROR] LogOutputStream:75 - [STDERR_REDIRECT] [Fatal Error] :1:1: Premature end of file.
2025-07-09 11:30:21,563 [ERROR] LogOutputStream:75 - [STDERR_REDIRECT] 
2025-07-09 11:30:21,609 [ERROR] LogOutputStream:75 - [STDERR_REDIRECT] [Fatal Error] :1:1: Premature end of file.
2025-07-09 11:30:21,609 [ERROR] LogOutputStream:75 - [STDERR_REDIRECT] 
2025-07-09 11:30:21,663 [ERROR] LogOutputStream:75 - [STDERR_REDIRECT] [Fatal Error] :1:1: Premature end of file.
2025-07-09 11:30:21,663 [ERROR] LogOutputStream:75 - [STDERR_REDIRECT] 
2025-07-09 11:30:21,714 [ERROR] LogOutputStream:75 - [STDERR_REDIRECT] [Fatal Error] :1:1: Premature end of file.
2025-07-09 11:30:21,714 [ERROR] LogOutputStream:75 - [STDERR_REDIRECT] 
2025-07-09 11:30:21,760 [ERROR] LogOutputStream:75 - [STDERR_REDIRECT] [Fatal Error] :1:1: Premature end of file.
2025-07-09 11:30:21,760 [ERROR] LogOutputStream:75 - [STDERR_REDIRECT] 
2025-07-09 11:30:21,808 [ERROR] LogOutputStream:75 - [STDERR_REDIRECT] [Fatal Error] :1:1: Premature end of file.
2025-07-09 11:30:21,808 [ERROR] LogOutputStream:75 - [STDERR_REDIRECT] 
2025-07-09 11:30:21,853 [ERROR] LogOutputStream:75 - [STDERR_REDIRECT] [Fatal Error] :1:1: Premature end of file.
2025-07-09 11:30:21,853 [ERROR] LogOutputStream:75 - [STDERR_REDIRECT] 
2025-07-09 11:30:21,896 [ERROR] LogOutputStream:75 - [STDERR_REDIRECT] [Fatal Error] :1:1: Premature end of file.
2025-07-09 11:30:21,896 [ERROR] LogOutputStream:75 - [STDERR_REDIRECT] 
2025-07-09 11:30:21,941 [ERROR] LogOutputStream:75 - [STDERR_REDIRECT] [Fatal Error] :1:1: Premature end of file.
2025-07-09 11:30:21,942 [ERROR] LogOutputStream:75 - [STDERR_REDIRECT] 
2025-07-09 11:30:21,979 [ERROR] LogOutputStream:75 - [STDERR_REDIRECT] [Fatal Error] :1:1: Premature end of file.
2025-07-09 11:30:21,980 [ERROR] LogOutputStream:75 - [STDERR_REDIRECT] 
2025-07-09 11:30:22,020 [ERROR] LogOutputStream:75 - [STDERR_REDIRECT] [Fatal Error] :1:1: Premature end of file.
2025-07-09 11:30:22,020 [ERROR] LogOutputStream:75 - [STDERR_REDIRECT] 
2025-07-09 11:30:22,059 [ERROR] LogOutputStream:75 - [STDERR_REDIRECT] [Fatal Error] :1:1: Premature end of file.
2025-07-09 11:30:22,059 [ERROR] LogOutputStream:75 - [STDERR_REDIRECT] 
2025-07-09 11:30:22,110 [ERROR] LogOutputStream:75 - [STDERR_REDIRECT] [Fatal Error] :1:1: Premature end of file.
2025-07-09 11:30:22,110 [ERROR] LogOutputStream:75 - [STDERR_REDIRECT] 
2025-07-09 11:30:22,160 [ERROR] LogOutputStream:75 - [STDERR_REDIRECT] [Fatal Error] :1:1: Premature end of file.
2025-07-09 11:30:22,160 [ERROR] LogOutputStream:75 - [STDERR_REDIRECT] 
2025-07-09 11:30:22,198 [ERROR] LogOutputStream:75 - [STDERR_REDIRECT] [Fatal Error] :1:1: Premature end of file.
2025-07-09 11:30:22,198 [ERROR] LogOutputStream:75 - [STDERR_REDIRECT] 
2025-07-09 11:30:22,237 [ERROR] LogOutputStream:75 - [STDERR_REDIRECT] [Fatal Error] :1:1: Premature end of file.
2025-07-09 11:30:22,237 [ERROR] LogOutputStream:75 - [STDERR_REDIRECT] 
2025-07-09 11:30:22,273 [ERROR] LogOutputStream:75 - [STDERR_REDIRECT] [Fatal Error] :1:1: Premature end of file.
2025-07-09 11:30:22,273 [ERROR] LogOutputStream:75 - [STDERR_REDIRECT] 
2025-07-09 11:30:22,312 [ERROR] LogOutputStream:75 - [STDERR_REDIRECT] [Fatal Error] :1:1: Premature end of file.
2025-07-09 11:30:22,312 [ERROR] LogOutputStream:75 - [STDERR_REDIRECT] 
2025-07-09 11:30:22,348 [ERROR] LogOutputStream:75 - [STDERR_REDIRECT] [Fatal Error] :1:1: Premature end of file.
2025-07-09 11:30:22,348 [ERROR] LogOutputStream:75 - [STDERR_REDIRECT] 
2025-07-09 11:30:22,389 [ERROR] LogOutputStream:75 - [STDERR_REDIRECT] [Fatal Error] :1:1: Premature end of file.
2025-07-09 11:30:22,389 [ERROR] LogOutputStream:75 - [STDERR_REDIRECT] 
2025-07-09 11:30:22,445 [ERROR] LogOutputStream:75 - [STDERR_REDIRECT] [Fatal Error] :1:1: Premature end of file.
2025-07-09 11:30:22,445 [ERROR] LogOutputStream:75 - [STDERR_REDIRECT] 
2025-07-09 11:30:22,508 [ERROR] LogOutputStream:75 - [STDERR_REDIRECT] [Fatal Error] :1:1: Premature end of file.
2025-07-09 11:30:22,508 [ERROR] LogOutputStream:75 - [STDERR_REDIRECT] 
2025-07-09 11:30:22,565 [ERROR] LogOutputStream:75 - [STDERR_REDIRECT] [Fatal Error] :1:1: Premature end of file.
2025-07-09 11:30:22,566 [ERROR] LogOutputStream:75 - [STDERR_REDIRECT] 
2025-07-09 11:30:22,623 [ERROR] LogOutputStream:75 - [STDERR_REDIRECT] [Fatal Error] :1:1: Premature end of file.
2025-07-09 11:30:22,623 [ERROR] LogOutputStream:75 - [STDERR_REDIRECT] 
2025-07-09 11:30:22,667 [ERROR] LogOutputStream:75 - [STDERR_REDIRECT] [Fatal Error] :1:1: Premature end of file.
2025-07-09 11:30:22,667 [ERROR] LogOutputStream:75 - [STDERR_REDIRECT] 
2025-07-09 11:30:22,724 [ERROR] LogOutputStream:75 - [STDERR_REDIRECT] [Fatal Error] :1:1: Premature end of file.
2025-07-09 11:30:22,724 [ERROR] LogOutputStream:75 - [STDERR_REDIRECT] 
2025-07-09 11:30:22,784 [ERROR] LogOutputStream:75 - [STDERR_REDIRECT] [Fatal Error] :1:1: Premature end of file.
2025-07-09 11:30:22,784 [ERROR] LogOutputStream:75 - [STDERR_REDIRECT] 
2025-07-09 11:30:22,841 [ERROR] LogOutputStream:75 - [STDERR_REDIRECT] [Fatal Error] :1:1: Premature end of file.
2025-07-09 11:30:22,841 [ERROR] LogOutputStream:75 - [STDERR_REDIRECT] 
2025-07-09 11:30:22,894 [ERROR] LogOutputStream:75 - [STDERR_REDIRECT] [Fatal Error] :1:1: Premature end of file.
2025-07-09 11:30:22,894 [ERROR] LogOutputStream:75 - [STDERR_REDIRECT] 
2025-07-09 11:30:22,937 [ERROR] LogOutputStream:75 - [STDERR_REDIRECT] [Fatal Error] :1:1: Premature end of file.
2025-07-09 11:30:22,937 [ERROR] LogOutputStream:75 - [STDERR_REDIRECT] 
2025-07-09 11:30:22,981 [ERROR] LogOutputStream:75 - [STDERR_REDIRECT] [Fatal Error] :1:1: Premature end of file.
2025-07-09 11:30:22,981 [ERROR] LogOutputStream:75 - [STDERR_REDIRECT] 
2025-07-09 11:30:23,026 [ERROR] LogOutputStream:75 - [STDERR_REDIRECT] [Fatal Error] :1:1: Premature end of file.
2025-07-09 11:30:23,026 [ERROR] LogOutputStream:75 - [STDERR_REDIRECT] 
2025-07-09 11:30:23,072 [ERROR] LogOutputStream:75 - [STDERR_REDIRECT] [Fatal Error] :1:1: Premature end of file.
2025-07-09 11:30:23,072 [ERROR] LogOutputStream:75 - [STDERR_REDIRECT] 
2025-07-09 11:30:23,130 [ERROR] LogOutputStream:75 - [STDERR_REDIRECT] [Fatal Error] :1:1: Premature end of file.
2025-07-09 11:30:23,130 [ERROR] LogOutputStream:75 - [STDERR_REDIRECT] 
2025-07-09 11:30:23,178 [ERROR] LogOutputStream:75 - [STDERR_REDIRECT] [Fatal Error] :1:1: Premature end of file.
2025-07-09 11:30:23,178 [ERROR] LogOutputStream:75 - [STDERR_REDIRECT] 
2025-07-09 11:30:23,219 [ERROR] LogOutputStream:75 - [STDERR_REDIRECT] [Fatal Error] :1:1: Premature end of file.
2025-07-09 11:30:23,219 [ERROR] LogOutputStream:75 - [STDERR_REDIRECT] 
2025-07-09 11:30:23,269 [ERROR] LogOutputStream:75 - [STDERR_REDIRECT] [Fatal Error] :1:1: Premature end of file.
2025-07-09 11:30:23,269 [ERROR] LogOutputStream:75 - [STDERR_REDIRECT] 
2025-07-09 11:30:23,343 [ERROR] LogOutputStream:75 - [STDERR_REDIRECT] [Fatal Error] :1:1: Premature end of file.
2025-07-09 11:30:23,343 [ERROR] LogOutputStream:75 - [STDERR_REDIRECT] 
2025-07-09 11:30:23,421 [ERROR] LogOutputStream:75 - [STDERR_REDIRECT] [Fatal Error] :1:1: Premature end of file.
2025-07-09 11:30:23,422 [ERROR] LogOutputStream:75 - [STDERR_REDIRECT] 
2025-07-09 11:30:23,490 [ERROR] LogOutputStream:75 - [STDERR_REDIRECT] [Fatal Error] :1:1: Premature end of file.
2025-07-09 11:30:23,490 [ERROR] LogOutputStream:75 - [STDERR_REDIRECT] 
2025-07-09 11:30:23,579 [ERROR] LogOutputStream:75 - [STDERR_REDIRECT] [Fatal Error] :1:1: Premature end of file.
2025-07-09 11:30:23,580 [ERROR] LogOutputStream:75 - [STDERR_REDIRECT] 
2025-07-09 11:30:23,641 [ERROR] LogOutputStream:75 - [STDERR_REDIRECT] [Fatal Error] :1:1: Premature end of file.
2025-07-09 11:30:23,641 [ERROR] LogOutputStream:75 - [STDERR_REDIRECT] 
2025-07-09 11:30:23,699 [ERROR] LogOutputStream:75 - [STDERR_REDIRECT] [Fatal Error] :1:1: Premature end of file.
2025-07-09 11:30:23,699 [ERROR] LogOutputStream:75 - [STDERR_REDIRECT] 
2025-07-09 11:30:23,747 [ERROR] LogOutputStream:75 - [STDERR_REDIRECT] [Fatal Error] :1:1: Premature end of file.
2025-07-09 11:30:23,747 [ERROR] LogOutputStream:75 - [STDERR_REDIRECT] 
2025-07-09 11:30:23,837 [ERROR] LogOutputStream:75 - [STDERR_REDIRECT] [Fatal Error] :1:1: Premature end of file.
2025-07-09 11:30:23,837 [ERROR] LogOutputStream:75 - [STDERR_REDIRECT] 
2025-07-09 11:30:23,888 [ERROR] LogOutputStream:75 - [STDERR_REDIRECT] [Fatal Error] :1:1: Premature end of file.
2025-07-09 11:30:23,888 [ERROR] LogOutputStream:75 - [STDERR_REDIRECT] 
2025-07-09 11:30:23,945 [ERROR] LogOutputStream:75 - [STDERR_REDIRECT] [Fatal Error] :1:1: Premature end of file.
2025-07-09 11:30:23,945 [ERROR] LogOutputStream:75 - [STDERR_REDIRECT] 
2025-07-09 11:30:24,010 [ERROR] LogOutputStream:75 - [STDERR_REDIRECT] [Fatal Error] :1:1: Premature end of file.
2025-07-09 11:30:24,011 [ERROR] LogOutputStream:75 - [STDERR_REDIRECT] 
2025-07-09 11:30:24,056 [ERROR] LogOutputStream:75 - [STDERR_REDIRECT] [Fatal Error] :1:1: Premature end of file.
2025-07-09 11:30:24,057 [ERROR] LogOutputStream:75 - [STDERR_REDIRECT] 
2025-07-09 11:30:24,108 [ERROR] LogOutputStream:75 - [STDERR_REDIRECT] [Fatal Error] :1:1: Premature end of file.
2025-07-09 11:30:24,109 [ERROR] LogOutputStream:75 - [STDERR_REDIRECT] 
2025-07-09 11:30:24,166 [ERROR] LogOutputStream:75 - [STDERR_REDIRECT] [Fatal Error] :1:1: Premature end of file.
2025-07-09 11:30:24,166 [ERROR] LogOutputStream:75 - [STDERR_REDIRECT] 
2025-07-09 11:30:24,227 [ERROR] LogOutputStream:75 - [STDERR_REDIRECT] [Fatal Error] :1:1: Premature end of file.
2025-07-09 11:30:24,227 [ERROR] LogOutputStream:75 - [STDERR_REDIRECT] 
2025-07-09 11:30:24,273 [ERROR] LogOutputStream:75 - [STDERR_REDIRECT] [Fatal Error] :1:1: Premature end of file.
2025-07-09 11:30:24,273 [ERROR] LogOutputStream:75 - [STDERR_REDIRECT] 
2025-07-09 11:30:24,324 [ERROR] LogOutputStream:75 - [STDERR_REDIRECT] [Fatal Error] :1:1: Premature end of file.
2025-07-09 11:30:24,324 [ERROR] LogOutputStream:75 - [STDERR_REDIRECT] 
2025-07-09 11:30:24,369 [ERROR] LogOutputStream:75 - [STDERR_REDIRECT] [Fatal Error] :1:1: Premature end of file.
2025-07-09 11:30:24,369 [ERROR] LogOutputStream:75 - [STDERR_REDIRECT] 
2025-07-09 11:30:24,412 [ERROR] LogOutputStream:75 - [STDERR_REDIRECT] [Fatal Error] :1:1: Premature end of file.
2025-07-09 11:30:24,413 [ERROR] LogOutputStream:75 - [STDERR_REDIRECT] 
2025-07-09 11:30:24,462 [ERROR] LogOutputStream:75 - [STDERR_REDIRECT] [Fatal Error] :1:1: Premature end of file.
2025-07-09 11:30:24,462 [ERROR] LogOutputStream:75 - [STDERR_REDIRECT] 
2025-07-09 11:30:24,520 [ERROR] LogOutputStream:75 - [STDERR_REDIRECT] [Fatal Error] :1:1: Premature end of file.
2025-07-09 11:30:24,520 [ERROR] LogOutputStream:75 - [STDERR_REDIRECT] 
2025-07-09 11:30:24,567 [ERROR] LogOutputStream:75 - [STDERR_REDIRECT] [Fatal Error] :1:1: Premature end of file.
2025-07-09 11:30:24,568 [ERROR] LogOutputStream:75 - [STDERR_REDIRECT] 
2025-07-09 11:30:24,613 [ERROR] LogOutputStream:75 - [STDERR_REDIRECT] [Fatal Error] :1:1: Premature end of file.
2025-07-09 11:30:24,615 [ERROR] LogOutputStream:75 - [STDERR_REDIRECT] 
2025-07-09 11:30:24,670 [ERROR] LogOutputStream:75 - [STDERR_REDIRECT] [Fatal Error] :1:1: Premature end of file.
2025-07-09 11:30:24,670 [ERROR] LogOutputStream:75 - [STDERR_REDIRECT] 
2025-07-09 11:30:24,712 [ERROR] LogOutputStream:75 - [STDERR_REDIRECT] [Fatal Error] :1:1: Premature end of file.
2025-07-09 11:30:24,713 [ERROR] LogOutputStream:75 - [STDERR_REDIRECT] 
2025-07-09 11:30:24,747 [ERROR] LogOutputStream:75 - [STDERR_REDIRECT] [Fatal Error] :1:1: Premature end of file.
2025-07-09 11:30:24,747 [ERROR] LogOutputStream:75 - [STDERR_REDIRECT] 
2025-07-09 11:30:24,781 [ERROR] LogOutputStream:75 - [STDERR_REDIRECT] [Fatal Error] :1:1: Premature end of file.
2025-07-09 11:30:24,782 [ERROR] LogOutputStream:75 - [STDERR_REDIRECT] 
2025-07-09 11:30:24,832 [ERROR] LogOutputStream:75 - [STDERR_REDIRECT] [Fatal Error] :1:1: Premature end of file.
2025-07-09 11:30:24,832 [ERROR] LogOutputStream:75 - [STDERR_REDIRECT] 
2025-07-09 11:30:24,876 [ERROR] LogOutputStream:75 - [STDERR_REDIRECT] [Fatal Error] :1:1: Premature end of file.
2025-07-09 11:30:24,877 [ERROR] LogOutputStream:75 - [STDERR_REDIRECT] 
2025-07-09 11:30:24,926 [ERROR] LogOutputStream:75 - [STDERR_REDIRECT] [Fatal Error] :1:1: Premature end of file.
2025-07-09 11:30:24,926 [ERROR] LogOutputStream:75 - [STDERR_REDIRECT] 
2025-07-09 11:30:24,984 [ERROR] LogOutputStream:75 - [STDERR_REDIRECT] [Fatal Error] :1:1: Premature end of file.
2025-07-09 11:30:24,984 [ERROR] LogOutputStream:75 - [STDERR_REDIRECT] 
2025-07-09 11:30:25,025 [ERROR] LogOutputStream:75 - [STDERR_REDIRECT] [Fatal Error] :1:1: Premature end of file.
2025-07-09 11:30:25,025 [ERROR] LogOutputStream:75 - [STDERR_REDIRECT] 
2025-07-09 11:30:25,067 [ERROR] LogOutputStream:75 - [STDERR_REDIRECT] [Fatal Error] :1:1: Premature end of file.
2025-07-09 11:30:25,067 [ERROR] LogOutputStream:75 - [STDERR_REDIRECT] 
2025-07-09 11:30:25,112 [ERROR] LogOutputStream:75 - [STDERR_REDIRECT] [Fatal Error] :1:1: Premature end of file.
2025-07-09 11:30:25,113 [ERROR] LogOutputStream:75 - [STDERR_REDIRECT] 
2025-07-09 11:30:25,160 [ERROR] LogOutputStream:75 - [STDERR_REDIRECT] [Fatal Error] :1:1: Premature end of file.
2025-07-09 11:30:25,160 [ERROR] LogOutputStream:75 - [STDERR_REDIRECT] 
2025-07-09 11:30:25,210 [ERROR] LogOutputStream:75 - [STDERR_REDIRECT] [Fatal Error] :1:1: Premature end of file.
2025-07-09 11:30:25,210 [ERROR] LogOutputStream:75 - [STDERR_REDIRECT] 
2025-07-09 11:30:25,256 [ERROR] LogOutputStream:75 - [STDERR_REDIRECT] [Fatal Error] :1:1: Premature end of file.
2025-07-09 11:30:25,257 [ERROR] LogOutputStream:75 - [STDERR_REDIRECT] 
2025-07-09 11:30:25,299 [ERROR] LogOutputStream:75 - [STDERR_REDIRECT] [Fatal Error] :1:1: Premature end of file.
2025-07-09 11:30:25,299 [ERROR] LogOutputStream:75 - [STDERR_REDIRECT] 
2025-07-09 11:30:25,353 [ERROR] LogOutputStream:75 - [STDERR_REDIRECT] [Fatal Error] :1:1: Premature end of file.
2025-07-09 11:30:25,353 [ERROR] LogOutputStream:75 - [STDERR_REDIRECT] 
2025-07-09 11:30:25,417 [ERROR] LogOutputStream:75 - [STDERR_REDIRECT] [Fatal Error] :1:1: Premature end of file.
2025-07-09 11:30:25,417 [ERROR] LogOutputStream:75 - [STDERR_REDIRECT] 
2025-07-09 11:30:25,472 [ERROR] LogOutputStream:75 - [STDERR_REDIRECT] [Fatal Error] :1:1: Premature end of file.
2025-07-09 11:30:25,472 [ERROR] LogOutputStream:75 - [STDERR_REDIRECT] 
2025-07-09 11:30:25,522 [ERROR] LogOutputStream:75 - [STDERR_REDIRECT] [Fatal Error] :1:1: Premature end of file.
2025-07-09 11:30:25,522 [ERROR] LogOutputStream:75 - [STDERR_REDIRECT] 
2025-07-09 11:30:25,578 [ERROR] LogOutputStream:75 - [STDERR_REDIRECT] [Fatal Error] :1:1: Premature end of file.
2025-07-09 11:30:25,579 [ERROR] LogOutputStream:75 - [STDERR_REDIRECT] 
2025-07-09 11:30:25,621 [ERROR] LogOutputStream:75 - [STDERR_REDIRECT] [Fatal Error] :1:1: Premature end of file.
2025-07-09 11:30:25,621 [ERROR] LogOutputStream:75 - [STDERR_REDIRECT] 
2025-07-09 11:30:25,683 [ERROR] LogOutputStream:75 - [STDERR_REDIRECT] [Fatal Error] :1:1: Premature end of file.
2025-07-09 11:30:25,683 [ERROR] LogOutputStream:75 - [STDERR_REDIRECT] 
2025-07-09 11:30:25,747 [ERROR] LogOutputStream:75 - [STDERR_REDIRECT] [Fatal Error] :1:1: Premature end of file.
2025-07-09 11:30:25,747 [ERROR] LogOutputStream:75 - [STDERR_REDIRECT] 
2025-07-09 11:30:25,794 [ERROR] LogOutputStream:75 - [STDERR_REDIRECT] [Fatal Error] :1:1: Premature end of file.
2025-07-09 11:30:25,794 [ERROR] LogOutputStream:75 - [STDERR_REDIRECT] 
2025-07-09 11:30:25,845 [ERROR] LogOutputStream:75 - [STDERR_REDIRECT] [Fatal Error] :1:1: Premature end of file.
2025-07-09 11:30:25,845 [ERROR] LogOutputStream:75 - [STDERR_REDIRECT] 
2025-07-09 11:30:25,888 [ERROR] LogOutputStream:75 - [STDERR_REDIRECT] [Fatal Error] :1:1: Premature end of file.
2025-07-09 11:30:25,888 [ERROR] LogOutputStream:75 - [STDERR_REDIRECT] 
2025-07-09 11:30:25,933 [ERROR] LogOutputStream:75 - [STDERR_REDIRECT] [Fatal Error] :1:1: Premature end of file.
2025-07-09 11:30:25,933 [ERROR] LogOutputStream:75 - [STDERR_REDIRECT] 
2025-07-09 11:30:25,996 [ERROR] LogOutputStream:75 - [STDERR_REDIRECT] [Fatal Error] :1:1: Premature end of file.
2025-07-09 11:30:25,996 [ERROR] LogOutputStream:75 - [STDERR_REDIRECT] 
2025-07-09 11:30:26,061 [ERROR] LogOutputStream:75 - [STDERR_REDIRECT] [Fatal Error] :1:1: Premature end of file.
2025-07-09 11:30:26,061 [ERROR] LogOutputStream:75 - [STDERR_REDIRECT] 
2025-07-09 11:30:26,107 [ERROR] LogOutputStream:75 - [STDERR_REDIRECT] [Fatal Error] :1:1: Premature end of file.
2025-07-09 11:30:26,107 [ERROR] LogOutputStream:75 - [STDERR_REDIRECT] 
2025-07-09 11:30:26,149 [ERROR] LogOutputStream:75 - [STDERR_REDIRECT] [Fatal Error] :1:1: Premature end of file.
2025-07-09 11:30:26,149 [ERROR] LogOutputStream:75 - [STDERR_REDIRECT] 
2025-07-09 11:30:26,196 [ERROR] LogOutputStream:75 - [STDERR_REDIRECT] [Fatal Error] :1:1: Premature end of file.
2025-07-09 11:30:26,197 [ERROR] LogOutputStream:75 - [STDERR_REDIRECT] 
2025-07-09 11:30:26,291 [ERROR] LogOutputStream:75 - [STDERR_REDIRECT] [Fatal Error] :1:1: Premature end of file.
2025-07-09 11:30:26,292 [ERROR] LogOutputStream:75 - [STDERR_REDIRECT] 
2025-07-09 11:30:26,331 [ERROR] LogOutputStream:75 - [STDERR_REDIRECT] [Fatal Error] :1:1: Premature end of file.
2025-07-09 11:30:26,331 [ERROR] LogOutputStream:75 - [STDERR_REDIRECT] 
2025-07-09 11:30:26,376 [ERROR] LogOutputStream:75 - [STDERR_REDIRECT] [Fatal Error] :1:1: Premature end of file.
2025-07-09 11:30:26,376 [ERROR] LogOutputStream:75 - [STDERR_REDIRECT] 
2025-07-09 11:30:26,422 [ERROR] LogOutputStream:75 - [STDERR_REDIRECT] [Fatal Error] :1:1: Premature end of file.
2025-07-09 11:30:26,423 [ERROR] LogOutputStream:75 - [STDERR_REDIRECT] 
2025-07-09 11:30:26,474 [ERROR] LogOutputStream:75 - [STDERR_REDIRECT] [Fatal Error] :1:1: Premature end of file.
2025-07-09 11:30:26,474 [ERROR] LogOutputStream:75 - [STDERR_REDIRECT] 
2025-07-09 11:30:26,550 [ERROR] LogOutputStream:75 - [STDERR_REDIRECT] [Fatal Error] :1:1: Premature end of file.
2025-07-09 11:30:26,550 [ERROR] LogOutputStream:75 - [STDERR_REDIRECT] 
2025-07-09 11:30:26,627 [ERROR] LogOutputStream:75 - [STDERR_REDIRECT] [Fatal Error] :1:1: Premature end of file.
2025-07-09 11:30:26,627 [ERROR] LogOutputStream:75 - [STDERR_REDIRECT] 
2025-07-09 11:30:26,705 [ERROR] LogOutputStream:75 - [STDERR_REDIRECT] [Fatal Error] :1:1: Premature end of file.
2025-07-09 11:30:26,706 [ERROR] LogOutputStream:75 - [STDERR_REDIRECT] 
2025-07-09 11:30:26,770 [ERROR] LogOutputStream:75 - [STDERR_REDIRECT] [Fatal Error] :1:1: Premature end of file.
2025-07-09 11:30:26,771 [ERROR] LogOutputStream:75 - [STDERR_REDIRECT] 
2025-07-09 11:30:26,850 [ERROR] LogOutputStream:75 - [STDERR_REDIRECT] [Fatal Error] :1:1: Premature end of file.
2025-07-09 11:30:26,850 [ERROR] LogOutputStream:75 - [STDERR_REDIRECT] 
2025-07-09 11:30:26,915 [ERROR] LogOutputStream:75 - [STDERR_REDIRECT] [Fatal Error] :1:1: Premature end of file.
2025-07-09 11:30:26,915 [ERROR] LogOutputStream:75 - [STDERR_REDIRECT] 
2025-07-09 11:30:26,993 [ERROR] LogOutputStream:75 - [STDERR_REDIRECT] [Fatal Error] :1:1: Premature end of file.
2025-07-09 11:30:26,993 [ERROR] LogOutputStream:75 - [STDERR_REDIRECT] 
2025-07-09 11:30:27,069 [ERROR] LogOutputStream:75 - [STDERR_REDIRECT] [Fatal Error] :1:1: Premature end of file.
2025-07-09 11:30:27,070 [ERROR] LogOutputStream:75 - [STDERR_REDIRECT] 
2025-07-09 11:30:27,139 [ERROR] LogOutputStream:75 - [STDERR_REDIRECT] [Fatal Error] :1:1: Premature end of file.
2025-07-09 11:30:27,139 [ERROR] LogOutputStream:75 - [STDERR_REDIRECT] 
2025-07-09 11:30:27,206 [ERROR] LogOutputStream:75 - [STDERR_REDIRECT] [Fatal Error] :1:1: Premature end of file.
2025-07-09 11:30:27,206 [ERROR] LogOutputStream:75 - [STDERR_REDIRECT] 
2025-07-09 11:30:27,280 [ERROR] LogOutputStream:75 - [STDERR_REDIRECT] [Fatal Error] :1:1: Premature end of file.
2025-07-09 11:30:27,280 [ERROR] LogOutputStream:75 - [STDERR_REDIRECT] 
2025-07-09 11:30:27,358 [ERROR] LogOutputStream:75 - [STDERR_REDIRECT] [Fatal Error] :1:1: Premature end of file.
2025-07-09 11:30:27,358 [ERROR] LogOutputStream:75 - [STDERR_REDIRECT] 
2025-07-09 11:30:27,449 [ERROR] LogOutputStream:75 - [STDERR_REDIRECT] [Fatal Error] :1:1: Premature end of file.
2025-07-09 11:30:27,450 [ERROR] LogOutputStream:75 - [STDERR_REDIRECT] 
2025-07-09 11:30:27,537 [ERROR] LogOutputStream:75 - [STDERR_REDIRECT] [Fatal Error] :1:1: Premature end of file.
2025-07-09 11:30:27,538 [ERROR] LogOutputStream:75 - [STDERR_REDIRECT] 
2025-07-09 11:30:27,625 [ERROR] LogOutputStream:75 - [STDERR_REDIRECT] [Fatal Error] :1:1: Premature end of file.
2025-07-09 11:30:27,625 [ERROR] LogOutputStream:75 - [STDERR_REDIRECT] 
2025-07-09 11:30:27,706 [ERROR] LogOutputStream:75 - [STDERR_REDIRECT] [Fatal Error] :1:1: Premature end of file.
2025-07-09 11:30:27,706 [ERROR] LogOutputStream:75 - [STDERR_REDIRECT] 
2025-07-09 11:30:27,847 [ERROR] LogOutputStream:75 - [STDERR_REDIRECT] [Fatal Error] :1:1: Premature end of file.
2025-07-09 11:30:27,847 [ERROR] LogOutputStream:75 - [STDERR_REDIRECT] 
2025-07-09 11:30:27,916 [ERROR] LogOutputStream:75 - [STDERR_REDIRECT] [Fatal Error] :1:1: Premature end of file.
2025-07-09 11:30:27,917 [ERROR] LogOutputStream:75 - [STDERR_REDIRECT] 
2025-07-09 11:30:27,979 [ERROR] LogOutputStream:75 - [STDERR_REDIRECT] [Fatal Error] :1:1: Premature end of file.
2025-07-09 11:30:27,979 [ERROR] LogOutputStream:75 - [STDERR_REDIRECT] 
2025-07-09 11:30:28,045 [ERROR] LogOutputStream:75 - [STDERR_REDIRECT] [Fatal Error] :1:1: Premature end of file.
2025-07-09 11:30:28,045 [ERROR] LogOutputStream:75 - [STDERR_REDIRECT] 
2025-07-09 11:30:28,102 [ERROR] LogOutputStream:75 - [STDERR_REDIRECT] [Fatal Error] :1:1: Premature end of file.
2025-07-09 11:30:28,102 [ERROR] LogOutputStream:75 - [STDERR_REDIRECT] 
2025-07-09 11:30:28,169 [ERROR] LogOutputStream:75 - [STDERR_REDIRECT] [Fatal Error] :1:1: Premature end of file.
2025-07-09 11:30:28,169 [ERROR] LogOutputStream:75 - [STDERR_REDIRECT] 
2025-07-09 11:30:28,232 [ERROR] LogOutputStream:75 - [STDERR_REDIRECT] [Fatal Error] :1:1: Premature end of file.
2025-07-09 11:30:28,232 [ERROR] LogOutputStream:75 - [STDERR_REDIRECT] 
2025-07-09 11:30:28,297 [ERROR] LogOutputStream:75 - [STDERR_REDIRECT] [Fatal Error] :1:1: Premature end of file.
2025-07-09 11:30:28,297 [ERROR] LogOutputStream:75 - [STDERR_REDIRECT] 
2025-07-09 11:30:28,356 [ERROR] LogOutputStream:75 - [STDERR_REDIRECT] [Fatal Error] :1:1: Premature end of file.
2025-07-09 11:30:28,356 [ERROR] LogOutputStream:75 - [STDERR_REDIRECT] 
2025-07-09 11:30:28,424 [ERROR] LogOutputStream:75 - [STDERR_REDIRECT] [Fatal Error] :1:1: Premature end of file.
2025-07-09 11:30:28,425 [ERROR] LogOutputStream:75 - [STDERR_REDIRECT] 
2025-07-09 11:30:28,493 [ERROR] LogOutputStream:75 - [STDERR_REDIRECT] [Fatal Error] :1:1: Premature end of file.
2025-07-09 11:30:28,494 [ERROR] LogOutputStream:75 - [STDERR_REDIRECT] 
2025-07-09 11:30:28,558 [ERROR] LogOutputStream:75 - [STDERR_REDIRECT] [Fatal Error] :1:1: Premature end of file.
2025-07-09 11:30:28,558 [ERROR] LogOutputStream:75 - [STDERR_REDIRECT] 
2025-07-09 11:30:28,642 [ERROR] LogOutputStream:75 - [STDERR_REDIRECT] [Fatal Error] :1:1: Premature end of file.
2025-07-09 11:30:28,643 [ERROR] LogOutputStream:75 - [STDERR_REDIRECT] 
2025-07-09 11:30:28,722 [ERROR] LogOutputStream:75 - [STDERR_REDIRECT] [Fatal Error] :1:1: Premature end of file.
2025-07-09 11:30:28,722 [ERROR] LogOutputStream:75 - [STDERR_REDIRECT] 
2025-07-09 11:30:28,804 [ERROR] LogOutputStream:75 - [STDERR_REDIRECT] [Fatal Error] :1:1: Premature end of file.
2025-07-09 11:30:28,804 [ERROR] LogOutputStream:75 - [STDERR_REDIRECT] 
2025-07-09 11:30:28,870 [ERROR] LogOutputStream:75 - [STDERR_REDIRECT] [Fatal Error] :1:1: Premature end of file.
2025-07-09 11:30:28,871 [ERROR] LogOutputStream:75 - [STDERR_REDIRECT] 
2025-07-09 11:30:28,942 [ERROR] LogOutputStream:75 - [STDERR_REDIRECT] [Fatal Error] :1:1: Premature end of file.
2025-07-09 11:30:28,942 [ERROR] LogOutputStream:75 - [STDERR_REDIRECT] 
2025-07-09 11:30:28,969 [ERROR] LogOutputStream:75 - [STDERR_REDIRECT] Exception in thread "Serial Ports Filter" java.lang.NullPointerException: Cannot invoke "org.eclipse.core.resources.ResourcesPlugin.getLog()" because the return value of "org.eclipse.core.resources.ResourcesPlugin.getPlugin()" is null
2025-07-09 11:30:28,972 [ERROR] LogOutputStream:75 - [STDERR_REDIRECT] 	at com.st.stm32cube.common.logger.MCULoggerPlugin.log(MCULoggerPlugin.java:84)
2025-07-09 11:30:28,975 [ERROR] LogOutputStream:75 - [STDERR_REDIRECT] 	at com.st.stm32cube.common.logger.MCULoggerPlugin.logException(MCULoggerPlugin.java:116)
2025-07-09 11:30:28,978 [ERROR] LogOutputStream:75 - [STDERR_REDIRECT] 	at com.st.stm32cube.ide.mpu.remote.serial.internal.SerialPortProviderWindows.run(SerialPortProviderWindows.java:156)
2025-07-09 11:30:28,980 [ERROR] LogOutputStream:75 - [STDERR_REDIRECT] 	at java.base/java.util.TimerThread.mainLoop(Timer.java:566)
2025-07-09 11:30:28,982 [ERROR] LogOutputStream:75 - [STDERR_REDIRECT] 	at java.base/java.util.TimerThread.run(Timer.java:516)
2025-07-09 11:30:29,527 [ERROR] LogOutputStream:75 - [STDERR_REDIRECT] 
