Added Component: Designator=U1(48-LQFP)
Add component (AddParameter): Name = "Category"; Value = "Microcontrollers"; VariantName = "[No Variations]"
Add component (AddParameter): Name = "ComponentLink1Description"; Value = "https://datasheet.ciiva.com:443/pdfs/VipMasterIC/IC/SGST/SGST-S-A0007993151/SGST-S-A0009026353-1.pdf?src-supplier=IHS+Markit"; VariantName = "[No Variations]"
Add component (AddParameter): Name = "ComponentLink1URL"; Value = "https://datasheet.ciiva.com:443/pdfs/VipMasterIC/IC/SGST/SGST-S-A0007993151/SGST-S-A0009026353-1.pdf?src-supplier=IHS+Markit"; VariantName = "[No Variations]"
Add component (AddParameter): Name = "ComponentLink2Description"; Value = "http://www.farnell.com/datasheets/2710915.pdf?src-supplier=Farnell"; VariantName = "[No Variations]"
Add component (AddParameter): Name = "ComponentLink2URL"; Value = "http://www.farnell.com/datasheets/2710915.pdf?src-supplier=Farnell"; VariantName = "[No Variations]"
Add component (AddParameter): Name = "ComponentLink3Description"; Value = "https://www.st.com/resource/en/datasheet/stm32l412kb.pdf?src-supplier=Digikey"; VariantName = "[No Variations]"
Add component (AddParameter): Name = "ComponentLink3URL"; Value = "https://www.st.com/resource/en/datasheet/stm32l412kb.pdf?src-supplier=Digikey"; VariantName = "[No Variations]"
Add component (AddParameter): Name = "ComponentLink4Description"; Value = "https://datasheet.octopart.com/STM32L412CBT6-STMicroelectronics-datasheet-136158773.pdf?src-supplier=Future+Electronics"; VariantName = "[No Variations]"
Add component (AddParameter): Name = "ComponentLink4URL"; Value = "https://datasheet.octopart.com/STM32L412CBT6-STMicroelectronics-datasheet-136158773.pdf?src-supplier=Future+Electronics"; VariantName = "[No Variations]"
Add component (AddParameter): Name = "Manufacturer"; Value = "STMicroelectronics"; VariantName = "[No Variations]"
Add component (AddParameter): Name = "Manufacturer Part Number"; Value = "STM32L412CBT6"; VariantName = "[No Variations]"
Add component (AddParameter): Name = "Mfr_Name"; Value = "STMicroelectronics"; VariantName = "[No Variations]"
Add component (AddParameter): Name = "Pricing"; Value = "1=3.88, 10=2.927, 25=2.6896, 100=2.4289, 250=2.30448, 500=2.2295, 1000=2.16779, 2500=2.10264 (USD)"; VariantName = "[No Variations]"
Add component (AddParameter): Name = "RefDes"; Value = "RefDes"; VariantName = "[No Variations]"
Add component (AddParameter): Name = "RoHS"; Value = "Yes"; VariantName = "[No Variations]"
Add component (AddParameter): Name = "RoHS Compliant"; Value = "Yes"; VariantName = "[No Variations]"
Add component (AddParameter): Name = "Stock"; Value = "1307"; VariantName = "[No Variations]"
Add component (AddParameter): Name = "Supplier"; Value = "Digikey"; VariantName = "[No Variations]"
Add component (AddParameter): Name = "Supplier Part Number"; Value = "497-18227-ND"; VariantName = "[No Variations]"
Add component (AddParameter): Name = "Type"; Value = "Type"; VariantName = "[No Variations]"
Add Pin To Net: Unknown Pin: Pin D7-A
Add Pin To Net: Unknown Pin: Pin D7-C
Add Pin To Net: Unknown Pin: Pin D8-A
Add Pin To Net: Unknown Pin: Pin D8-C
Add Pin To Net: Unknown Pin: Pin D9-A
Add Pin To Net: Unknown Pin: Pin D9-C
Add Pin To Net: Unknown Pin: Pin D10-A
Add Pin To Net: Unknown Pin: Pin D10-C
Add Pin To Net: Unknown Pin: Pin D11-A
Add Pin To Net: Unknown Pin: Pin D11-C
Add Pin To Net: Unknown Pin: Pin D12-A
Add Pin To Net: Unknown Pin: Pin D12-C
Added Pin To Net: NetName=+3V3 Pin=U1-1
Added Pin To Net: NetName=7Seg_Mux_A Pin=U1-2
Added Pin To Net: NetName=7Seg_Mux_B Pin=U1-3
Added Pin To Net: NetName=7Seg_Mux_C Pin=U1-4
Added Pin To Net: NetName=MCU_HSE_IN Pin=U1-5
Added Pin To Net: NetName=MCU_HSE_OUT Pin=U1-6
Added Pin To Net: NetName=MCU_NRST Pin=U1-7
Added Pin To Net: NetName=GND Pin=U1-8
Added Pin To Net: NetName=+3V3 Pin=U1-9
Added Pin To Net: NetName=ADC1_CH5_FakeBatt Pin=U1-10
Added Pin To Net: NetName=WiresButts_Mux8A Pin=U1-11
Added Pin To Net: NetName=WiresButts_Mux8B Pin=U1-12
Added Pin To Net: NetName=WiresButts_Mux8C Pin=U1-13
Added Pin To Net: NetName=WiresButts_Probe8 Pin=U1-14
Added Pin To Net: NetName=WiresButts_Mux2A Pin=U1-15
Added Pin To Net: NetName=WiresButts_Probe2 Pin=U1-16
Added Pin To Net: NetName=RedButton Pin=U1-17
Added Pin To Net: NetName=LEDDriver_BLANK Pin=U1-18
Added Pin To Net: NetName=MCU_Expan Pin=U1-19
Added Pin To Net: NetName=LPTIM1_Buzzer Pin=U1-20
Added Pin To Net: NetName=LEDDriver_MODE Pin=U1-21
Added Pin To Net: NetName=LEDDriver_XLAT Pin=U1-22
Added Pin To Net: NetName=GND Pin=U1-23
Added Pin To Net: NetName=+3V3 Pin=U1-24
Added Pin To Net: NetName=7SegDriverA Pin=U1-25
Added Pin To Net: NetName=7SegDriverB Pin=U1-26
Added Pin To Net: NetName=7SegDriverC Pin=U1-27
Added Pin To Net: NetName=7SegDriverD Pin=U1-28
Added Pin To Net: NetName=LEDDriver_GSCLK Pin=U1-29
Added Pin To Net: NetName=MatrixDrvr_I2C1_SCL Pin=U1-30
Added Pin To Net: NetName=MatrixDrvr_I2C1_SDA Pin=U1-31
Added Pin To Net: NetName=MCU_USB_D- Pin=U1-32
Added Pin To Net: NetName=MCU_USB_D+ Pin=U1-33
Added Pin To Net: NetName=MCU_SWD_IO Pin=U1-34
Added Pin To Net: NetName=GND Pin=U1-35
Added Pin To Net: NetName=+3V3 Pin=U1-36
Added Pin To Net: NetName=MCU_SWD_CLK Pin=U1-37
Added Pin To Net: NetName=MCU_JTDI Pin=U1-38
Added Pin To Net: NetName=MCU_SWD_SWO Pin=U1-39
Added Pin To Net: NetName=7SegDPL Pin=U1-41
Added Pin To Net: NetName=MatrixDrvr_SDB Pin=U1-42
Added Pin To Net: NetName=MatrixDrvr_INTB Pin=U1-43
Added Pin To Net: NetName=MCU_BOOT0 Pin=U1-44
Added Pin To Net: NetName=LEDDriver_SIN Pin=U1-45
Added Pin To Net: NetName=LEDDriver_SCLK Pin=U1-46
Added Pin To Net: NetName=GND Pin=U1-47
Added Pin To Net: NetName=+3V3 Pin=U1-48
Added Member To Class: ClassName=TopLevel Member=Component U1 STM32L412CBT6
